<?xml version="1.0" encoding="UTF-8"?>
<!-- Generated by org.testng.reporters.JUnitReportReporter -->
<testsuite hostname="DESKTOP-G25F7V2" failures="0" tests="1" name="testcases.Loginpage" time="12.188" errors="0" timestamp="2023-07-09T18:00:47 IST" skipped="0">
  <testcase classname="testcases.Loginpage" name="test_loginpage" time="12.188"/>
  <system-out/>
</testsuite> <!-- testcases.Loginpage -->
