<?xml version="1.0" encoding="UTF-8"?>
<!-- Generated by org.testng.reporters.JUnitReportReporter -->
<testsuite hostname="DESKTOP-G25F7V2" failures="0" tests="1" name="testcases.Loginpage" time="10.563" errors="0" timestamp="2023-07-09T12:34:15 IST" skipped="0">
  <testcase classname="testcases.Loginpage" name="test_loginpage" time="10.563"/>
  <system-out/>
</testsuite> <!-- testcases.Loginpage -->
